[panther.wiki/coinmaster111/index.html]
[backblue.gif]
[fade.gif]
[index.html]
[browser.sentry-cdn.com/6.4.1/bundle.min.js]
[www.google-analytics.com/analytics.js]
[d13pxqgp3ixdbh.cloudfront.net/uploads/1621826381b0ddbecf60eff7e63df9513605767652.png]
[panther.wiki/coinmaster111/style.css]
[d13pxqgp3ixdbh.cloudfront.net/uploads/161909761163155412c5aeb373d4b700c3d4f2533e.png]
[d13pxqgp3ixdbh.cloudfront.net/uploads/16218263825fc2a9ad3f03ad0ffac006496a9eccc7.png]
[d13pxqgp3ixdbh.cloudfront.net/uploads/16218263804f2a6deeca5f5249f085dedb7238644b.png]
[d13pxqgp3ixdbh.cloudfront.net/uploads/1619097614d2a3bc7d16dc76d034a41c494e8761e9.png]
[d13pxqgp3ixdbh.cloudfront.net/uploads/1619097610ccf29477a937c4609878e78433bd9d04.png]
[d13pxqgp3ixdbh.cloudfront.net/uploads/1619097619cbddf51d55edd7f3ef8a075872f5917f.png]
[d13pxqgp3ixdbh.cloudfront.net/uploads/1619097619c1963c3c9b243859fc1619a314da9a8b.png]
[d13pxqgp3ixdbh.cloudfront.net/uploads/1619265496817b7e296dd02b6b911048ec12b2c9fe.png]
[d13pxqgp3ixdbh.cloudfront.net/uploads/1619097614729fc1abcbee07f03d9e81b8d246e777.png]
[d13pxqgp3ixdbh.cloudfront.net/uploads/1621826382661cd10a7888285ce1dbcd891ebc1cf6.png]
[d13pxqgp3ixdbh.cloudfront.net/uploads/161909761701afebe6db914cae0df0e58526ed8013.png]
[d13pxqgp3ixdbh.cloudfront.net/uploads/16190976186526b111b8742cc1c8da390a443f23d3.png]
[d13pxqgp3ixdbh.cloudfront.net/uploads/161909761804987ed8a55e84801eb3210f1b830fdb.png]
[panther.wiki/coinmaster111/main.11.delayed]
[ajax.googleapis.com/ajax/libs/jquery/2.2.4/jquery.min.js]
[d12u7tum9sda5e.cloudfront.net/b93a5eb.js]
[panther.wiki/coinmaster111/customTemplateGlobal.set]
[panther.wiki/coinmaster111/index.html]
[panther.wiki/coinmaster111/style.html]
[panther.wiki/coinmaster111/main.html]
[panther.wiki/coinmaster111/customTemplateGlobal.html]
